<?xml version="1.0" encoding="UTF-8"?>
<testsuite name="com.telekom.hackfest.rewardsystem.RewardsystemApplicationTests" tests="1" skipped="0" failures="0" errors="0" timestamp="2023-02-07T15:02:58" hostname="abhishek.sagar" time="0.474">
  <properties/>
  <testcase name="contextLoads()" classname="com.telekom.hackfest.rewardsystem.RewardsystemApplicationTests" time="0.474"/>
  <system-out><![CDATA[20:32:52.484 [Test worker] DEBUG org.springframework.test.context.BootstrapUtils - Instantiating CacheAwareContextLoaderDelegate from class [org.springframework.test.context.cache.DefaultCacheAwareContextLoaderDelegate]
20:32:52.494 [Test worker] DEBUG org.springframework.test.context.BootstrapUtils - Instantiating BootstrapContext using constructor [public org.springframework.test.context.support.DefaultBootstrapContext(java.lang.Class,org.springframework.test.context.CacheAwareContextLoaderDelegate)]
20:32:52.594 [Test worker] DEBUG org.springframework.test.context.BootstrapUtils - Instantiating TestContextBootstrapper for test class [com.telekom.hackfest.rewardsystem.RewardsystemApplicationTests] from class [org.springframework.boot.test.context.SpringBootTestContextBootstrapper]
20:32:52.606 [Test worker] INFO org.springframework.boot.test.context.SpringBootTestContextBootstrapper - Neither @ContextConfiguration nor @ContextHierarchy found for test class [com.telekom.hackfest.rewardsystem.RewardsystemApplicationTests], using SpringBootContextLoader
20:32:52.612 [Test worker] DEBUG org.springframework.test.context.support.AbstractContextLoader - Did not detect default resource location for test class [com.telekom.hackfest.rewardsystem.RewardsystemApplicationTests]: class path resource [com/telekom/hackfest/rewardsystem/RewardsystemApplicationTests-context.xml] does not exist
20:32:52.613 [Test worker] DEBUG org.springframework.test.context.support.AbstractContextLoader - Did not detect default resource location for test class [com.telekom.hackfest.rewardsystem.RewardsystemApplicationTests]: class path resource [com/telekom/hackfest/rewardsystem/RewardsystemApplicationTestsContext.groovy] does not exist
20:32:52.613 [Test worker] INFO org.springframework.test.context.support.AbstractContextLoader - Could not detect default resource locations for test class [com.telekom.hackfest.rewardsystem.RewardsystemApplicationTests]: no resource found for suffixes {-context.xml, Context.groovy}.
20:32:52.613 [Test worker] INFO org.springframework.test.context.support.AnnotationConfigContextLoaderUtils - Could not detect default configuration classes for test class [com.telekom.hackfest.rewardsystem.RewardsystemApplicationTests]: RewardsystemApplicationTests does not declare any static, non-private, non-final, nested classes annotated with @Configuration.
20:32:52.667 [Test worker] DEBUG org.springframework.test.context.support.ActiveProfilesUtils - Could not find an 'annotation declaring class' for annotation type [org.springframework.test.context.ActiveProfiles] and class [com.telekom.hackfest.rewardsystem.RewardsystemApplicationTests]
20:32:52.744 [Test worker] DEBUG org.springframework.context.annotation.ClassPathScanningCandidateComponentProvider - Identified candidate component class: file [/Users/abhisheksagar/Desktop/hackfest-zmode/rewardsystem/build/classes/java/main/com/telekom/hackfest/rewardsystem/RewardsystemApplication.class]
20:32:52.749 [Test worker] INFO org.springframework.boot.test.context.SpringBootTestContextBootstrapper - Found @SpringBootConfiguration com.telekom.hackfest.rewardsystem.RewardsystemApplication for test class com.telekom.hackfest.rewardsystem.RewardsystemApplicationTests
20:32:52.877 [Test worker] DEBUG org.springframework.boot.test.context.SpringBootTestContextBootstrapper - @TestExecutionListeners is not present for class [com.telekom.hackfest.rewardsystem.RewardsystemApplicationTests]: using defaults.
20:32:52.877 [Test worker] INFO org.springframework.boot.test.context.SpringBootTestContextBootstrapper - Loaded default TestExecutionListener class names from location [META-INF/spring.factories]: [org.springframework.boot.test.autoconfigure.restdocs.RestDocsTestExecutionListener, org.springframework.boot.test.autoconfigure.web.client.MockRestServiceServerResetTestExecutionListener, org.springframework.boot.test.autoconfigure.web.servlet.MockMvcPrintOnlyOnFailureTestExecutionListener, org.springframework.boot.test.autoconfigure.web.servlet.WebDriverTestExecutionListener, org.springframework.boot.test.autoconfigure.webservices.client.MockWebServiceServerTestExecutionListener, org.springframework.boot.test.mock.mockito.MockitoTestExecutionListener, org.springframework.boot.test.mock.mockito.ResetMocksTestExecutionListener, org.springframework.test.context.web.ServletTestExecutionListener, org.springframework.test.context.support.DirtiesContextBeforeModesTestExecutionListener, org.springframework.test.context.event.ApplicationEventsTestExecutionListener, org.springframework.test.context.support.DependencyInjectionTestExecutionListener, org.springframework.test.context.support.DirtiesContextTestExecutionListener, org.springframework.test.context.transaction.TransactionalTestExecutionListener, org.springframework.test.context.jdbc.SqlScriptsTestExecutionListener, org.springframework.test.context.event.EventPublishingTestExecutionListener]
20:32:52.891 [Test worker] INFO org.springframework.boot.test.context.SpringBootTestContextBootstrapper - Using TestExecutionListeners: [org.springframework.test.context.web.ServletTestExecutionListener@5149f008, org.springframework.test.context.support.DirtiesContextBeforeModesTestExecutionListener@7072bc39, org.springframework.test.context.event.ApplicationEventsTestExecutionListener@158d255c, org.springframework.boot.test.mock.mockito.MockitoTestExecutionListener@2ca65ce4, org.springframework.boot.test.autoconfigure.SpringBootDependencyInjectionTestExecutionListener@327120c8, org.springframework.test.context.support.DirtiesContextTestExecutionListener@5707c1cb, org.springframework.test.context.transaction.TransactionalTestExecutionListener@2b5cb9b2, org.springframework.test.context.jdbc.SqlScriptsTestExecutionListener@35038141, org.springframework.test.context.event.EventPublishingTestExecutionListener@ecf9049, org.springframework.boot.test.autoconfigure.restdocs.RestDocsTestExecutionListener@672f11c2, org.springframework.boot.test.autoconfigure.web.client.MockRestServiceServerResetTestExecutionListener@2970a5bc, org.springframework.boot.test.autoconfigure.web.servlet.MockMvcPrintOnlyOnFailureTestExecutionListener@50305a, org.springframework.boot.test.autoconfigure.web.servlet.WebDriverTestExecutionListener@72efb5c1, org.springframework.boot.test.autoconfigure.webservices.client.MockWebServiceServerTestExecutionListener@6d511b5f, org.springframework.boot.test.mock.mockito.ResetMocksTestExecutionListener@41200e0c]
20:32:52.894 [Test worker] DEBUG org.springframework.test.context.support.AbstractDirtiesContextTestExecutionListener - Before test class: context [DefaultTestContext@37d80fe7 testClass = RewardsystemApplicationTests, testInstance = [null], testMethod = [null], testException = [null], mergedContextConfiguration = [WebMergedContextConfiguration@384fc774 testClass = RewardsystemApplicationTests, locations = '{}', classes = '{class com.telekom.hackfest.rewardsystem.RewardsystemApplication}', contextInitializerClasses = '[]', activeProfiles = '{}', propertySourceLocations = '{}', propertySourceProperties = '{org.springframework.boot.test.context.SpringBootTestContextBootstrapper=true}', contextCustomizers = set[org.springframework.boot.test.autoconfigure.actuate.metrics.MetricsExportContextCustomizerFactory$DisableMetricExportContextCustomizer@3f390d63, org.springframework.boot.test.autoconfigure.properties.PropertyMappingContextCustomizer@0, org.springframework.boot.test.autoconfigure.web.servlet.WebDriverContextCustomizerFactory$Customizer@73dce0e6, org.springframework.boot.test.context.filter.ExcludeFilterContextCustomizer@14d14731, org.springframework.boot.test.json.DuplicateJsonObjectContextCustomizerFactory$DuplicateJsonObjectContextCustomizer@4b7e96a, org.springframework.boot.test.mock.mockito.MockitoContextCustomizer@0, org.springframework.boot.test.web.client.TestRestTemplateContextCustomizer@1d0d6318, org.springframework.boot.test.context.SpringBootTestArgs@1, org.springframework.boot.test.context.SpringBootTestWebEnvironment@508dec2b], resourceBasePath = 'src/main/webapp', contextLoader = 'org.springframework.boot.test.context.SpringBootContextLoader', parent = [null]], attributes = map['org.springframework.test.context.web.ServletTestExecutionListener.activateListener' -> true]], class annotated with @DirtiesContext [false] with mode [null].

  .   ____          _            __ _ _
 /\\ / ___'_ __ _ _(_)_ __  __ _ \ \ \ \
( ( )\___ | '_ | '_| | '_ \/ _` | \ \ \ \
 \\/  ___)| |_)| | | | | || (_| |  ) ) ) )
  '  |____| .__|_| |_|_| |_\__, | / / / /
 =========|_|==============|___/=/_/_/_/
 :: Spring Boot ::                (v2.7.8)

2023-02-07 20:32:53.826  INFO 62460 --- [    Test worker] c.t.h.r.RewardsystemApplicationTests     : Starting RewardsystemApplicationTests using Java 11.0.2 on abhishek.sagar with PID 62460 (started by abhisheksagar in /Users/abhisheksagar/Desktop/hackfest-zmode/rewardsystem)
2023-02-07 20:32:53.832  INFO 62460 --- [    Test worker] c.t.h.r.RewardsystemApplicationTests     : No active profile set, falling back to 1 default profile: "default"
2023-02-07 20:32:58.804  INFO 62460 --- [    Test worker] c.t.h.r.RewardsystemApplicationTests     : Started RewardsystemApplicationTests in 5.803 seconds (JVM running for 7.858)
]]></system-out>
  <system-err><![CDATA[]]></system-err>
</testsuite>
